Arguments: 
  C:\Program Files\nodejs\node.exe C:\Program Files (x86)\Yarn\bin\yarn.js install

PATH: 
  C:\Program Files\Git\mingw64\bin;C:\Program Files\Git\usr\bin;C:\Users\Marut\bin;C:\Program Files\Git\mingw64\bin;C:\Program Files\Git\usr\bin;C:\Users\Marut\bin;C:\WINDOWS\system32;C:\WINDOWS;C:\WINDOWS\System32\Wbem;C:\WINDOWS\System32\WindowsPowerShell\v1.0;C:\WINDOWS\System32\OpenSSH;C:\Program Files\nodejs;C:\Program Files\Git\cmd;C:\Program Files (x86)\Yarn\bin;C:\Program Files\MongoDB\Server\4.2\bin;C:\Users\Marut\AppData\Local\Programs\Python\Python38-32\Scripts;C:\Users\Marut\AppData\Local\Programs\Python\Python38-32;C:\Users\Marut\AppData\Local\Programs\Python\Launcher;C:\Users\Marut\AppData\Local\Microsoft\WindowsApps;C:\Users\Marut\AppData\Local\Programs\Microsoft VS Code\bin;C:\Users\Marut\AppData\Roaming\npm;C:\Users\Marut\AppData\Local\Yarn\bin;C:\Program Files\heroku\bin

Yarn version: 
  1.22.1

Node version: 
  12.16.0

Platform: 
  win32 x64

Trace: 
  Error: getaddrinfo ENOTFOUND registry.yarnpkg.com
      at GetAddrInfoReqWrap.onlookup [as oncomplete] (dns.js:64:26)

npm manifest: 
  {
    "name": "backend",
    "version": "0.0.0",
    "private": true,
    "scripts": {
      "start": "node ./bin/www"
    },
    "dependencies": {
      "cookie-parser": "~1.4.4",
      "debug": "~2.6.9",
      "express": "~4.16.1",
      "http-errors": "~1.6.3",
      "jade": "~1.11.0",
      "morgan": "~1.9.1"
    }
  }

yarn manifest: 
  No manifest

Lockfile: 
  No lockfile
